Mar 12, 2026 2:36:28 AM org.apache.catalina.core.AprLifecycleListener init
INFO: The Apache Tomcat Native library which allows optimal performance in production environments was not found on the java.library.path: /Users/lordzardeck/Library/Java/Extensions:/Library/Java/Extensions:/Network/Library/Java/Extensions:/System/Library/Java/Extensions:/usr/lib/java:.
Mar 12, 2026 2:36:28 AM org.apache.coyote.http11.Http11Protocol init
INFO: Initializing Coyote HTTP/1.1 on http-8081
Mar 12, 2026 2:36:28 AM org.apache.catalina.startup.Catalina load
INFO: Initialization processed in 138 ms
Mar 12, 2026 2:36:28 AM org.apache.catalina.core.StandardService start
INFO: Starting service Catalina
Mar 12, 2026 2:36:28 AM org.apache.catalina.core.StandardEngine start
INFO: Starting Servlet Engine: Apache Tomcat/6.0.14
Mar 12, 2026 2:36:29 AM org.apache.coyote.http11.Http11Protocol start
INFO: Starting Coyote HTTP/1.1 on http-8081
Mar 12, 2026 2:36:29 AM org.apache.jk.common.ChannelSocket init
INFO: JK: ajp13 listening on /0.0.0.0:8009
Mar 12, 2026 2:36:29 AM org.apache.jk.server.JkMain start
INFO: Jk running ID=0 time=0/8  config=null
Mar 12, 2026 2:36:29 AM org.apache.catalina.startup.Catalina start
INFO: Server startup in 243 ms
Mar 12, 2026 2:40:51 AM org.apache.coyote.http11.Http11Protocol pause
INFO: Pausing Coyote HTTP/1.1 on http-8081
Mar 12, 2026 2:40:52 AM org.apache.catalina.core.StandardService stop
INFO: Stopping service Catalina
Mar 12, 2026 2:40:52 AM org.apache.coyote.http11.Http11Protocol destroy
INFO: Stopping Coyote HTTP/1.1 on http-8081
Mar 12, 2026 2:53:43 AM org.apache.catalina.core.AprLifecycleListener init
INFO: The Apache Tomcat Native library which allows optimal performance in production environments was not found on the java.library.path: /Users/lordzardeck/Library/Java/Extensions:/Library/Java/Extensions:/Network/Library/Java/Extensions:/System/Library/Java/Extensions:/usr/lib/java:.
Mar 12, 2026 2:53:43 AM org.apache.coyote.http11.Http11Protocol init
INFO: Initializing Coyote HTTP/1.1 on http-8081
Mar 12, 2026 2:53:43 AM org.apache.catalina.startup.Catalina load
INFO: Initialization processed in 137 ms
Mar 12, 2026 2:53:43 AM org.apache.catalina.core.StandardService start
INFO: Starting service Catalina
Mar 12, 2026 2:53:43 AM org.apache.catalina.core.StandardEngine start
INFO: Starting Servlet Engine: Apache Tomcat/6.0.14
Mar 12, 2026 2:53:44 AM org.apache.coyote.http11.Http11Protocol start
INFO: Starting Coyote HTTP/1.1 on http-8081
Mar 12, 2026 2:53:44 AM org.apache.jk.common.ChannelSocket init
INFO: JK: ajp13 listening on /0.0.0.0:8009
Mar 12, 2026 2:53:44 AM org.apache.jk.server.JkMain start
INFO: Jk running ID=0 time=0/8  config=null
Mar 12, 2026 2:53:44 AM org.apache.catalina.startup.Catalina start
INFO: Server startup in 234 ms
Mar 12, 2026 2:59:28 AM org.apache.coyote.http11.Http11Protocol pause
INFO: Pausing Coyote HTTP/1.1 on http-8081
Mar 12, 2026 2:59:29 AM org.apache.catalina.core.StandardService stop
INFO: Stopping service Catalina
Mar 12, 2026 2:59:29 AM org.apache.coyote.http11.Http11Protocol destroy
INFO: Stopping Coyote HTTP/1.1 on http-8081
Mar 12, 2026 3:02:33 AM org.apache.catalina.core.AprLifecycleListener init
INFO: The Apache Tomcat Native library which allows optimal performance in production environments was not found on the java.library.path: /Users/lordzardeck/Library/Java/Extensions:/Library/Java/Extensions:/Network/Library/Java/Extensions:/System/Library/Java/Extensions:/usr/lib/java:.
Mar 12, 2026 3:02:33 AM org.apache.coyote.http11.Http11Protocol init
INFO: Initializing Coyote HTTP/1.1 on http-8081
Mar 12, 2026 3:02:33 AM org.apache.catalina.startup.Catalina load
INFO: Initialization processed in 146 ms
Mar 12, 2026 3:02:33 AM org.apache.catalina.core.StandardService start
INFO: Starting service Catalina
Mar 12, 2026 3:02:33 AM org.apache.catalina.core.StandardEngine start
INFO: Starting Servlet Engine: Apache Tomcat/6.0.14
Mar 12, 2026 3:02:33 AM org.apache.coyote.http11.Http11Protocol start
INFO: Starting Coyote HTTP/1.1 on http-8081
Mar 12, 2026 3:02:33 AM org.apache.jk.common.ChannelSocket init
INFO: JK: ajp13 listening on /0.0.0.0:8009
Mar 12, 2026 3:02:33 AM org.apache.jk.server.JkMain start
INFO: Jk running ID=0 time=0/8  config=null
Mar 12, 2026 3:02:33 AM org.apache.catalina.startup.Catalina start
INFO: Server startup in 254 ms
Mar 12, 2026 3:03:34 AM org.apache.coyote.http11.Http11Protocol pause
INFO: Pausing Coyote HTTP/1.1 on http-8081
Mar 12, 2026 3:03:35 AM org.apache.catalina.core.StandardService stop
INFO: Stopping service Catalina
Mar 12, 2026 3:03:35 AM org.apache.coyote.http11.Http11Protocol destroy
INFO: Stopping Coyote HTTP/1.1 on http-8081
Mar 12, 2026 3:05:27 AM org.apache.catalina.core.AprLifecycleListener init
INFO: The Apache Tomcat Native library which allows optimal performance in production environments was not found on the java.library.path: /Users/lordzardeck/Library/Java/Extensions:/Library/Java/Extensions:/Network/Library/Java/Extensions:/System/Library/Java/Extensions:/usr/lib/java:.
Mar 12, 2026 3:05:27 AM org.apache.coyote.http11.Http11Protocol init
INFO: Initializing Coyote HTTP/1.1 on http-8081
Mar 12, 2026 3:05:27 AM org.apache.catalina.startup.Catalina load
INFO: Initialization processed in 140 ms
Mar 12, 2026 3:05:27 AM org.apache.catalina.core.StandardService start
INFO: Starting service Catalina
Mar 12, 2026 3:05:27 AM org.apache.catalina.core.StandardEngine start
INFO: Starting Servlet Engine: Apache Tomcat/6.0.14
Mar 12, 2026 3:05:27 AM org.apache.coyote.http11.Http11Protocol start
INFO: Starting Coyote HTTP/1.1 on http-8081
Mar 12, 2026 3:05:27 AM org.apache.jk.common.ChannelSocket init
INFO: JK: ajp13 listening on /0.0.0.0:8009
Mar 12, 2026 3:05:27 AM org.apache.jk.server.JkMain start
INFO: Jk running ID=0 time=0/7  config=null
Mar 12, 2026 3:05:27 AM org.apache.catalina.startup.Catalina start
INFO: Server startup in 249 ms
Mar 12, 2026 3:05:40 AM org.apache.coyote.http11.Http11Protocol pause
INFO: Pausing Coyote HTTP/1.1 on http-8081
Mar 12, 2026 3:05:41 AM org.apache.catalina.core.StandardService stop
INFO: Stopping service Catalina
Mar 12, 2026 3:05:41 AM org.apache.coyote.http11.Http11Protocol destroy
INFO: Stopping Coyote HTTP/1.1 on http-8081
Mar 12, 2026 3:09:35 AM org.apache.catalina.core.AprLifecycleListener init
INFO: The Apache Tomcat Native library which allows optimal performance in production environments was not found on the java.library.path: /Users/lordzardeck/Library/Java/Extensions:/Library/Java/Extensions:/Network/Library/Java/Extensions:/System/Library/Java/Extensions:/usr/lib/java:.
Mar 12, 2026 3:09:35 AM org.apache.coyote.http11.Http11Protocol init
INFO: Initializing Coyote HTTP/1.1 on http-8081
Mar 12, 2026 3:09:35 AM org.apache.catalina.startup.Catalina load
INFO: Initialization processed in 125 ms
Mar 12, 2026 3:09:35 AM org.apache.catalina.core.StandardService start
INFO: Starting service Catalina
Mar 12, 2026 3:09:35 AM org.apache.catalina.core.StandardEngine start
INFO: Starting Servlet Engine: Apache Tomcat/6.0.14
Mar 12, 2026 3:09:35 AM org.apache.coyote.http11.Http11Protocol start
INFO: Starting Coyote HTTP/1.1 on http-8081
Mar 12, 2026 3:09:35 AM org.apache.jk.common.ChannelSocket init
INFO: JK: ajp13 listening on /0.0.0.0:8009
Mar 12, 2026 3:09:35 AM org.apache.jk.server.JkMain start
INFO: Jk running ID=0 time=0/9  config=null
Mar 12, 2026 3:09:35 AM org.apache.catalina.startup.Catalina start
INFO: Server startup in 222 ms
Mar 12, 2026 3:21:22 AM org.apache.coyote.http11.Http11Protocol pause
INFO: Pausing Coyote HTTP/1.1 on http-8081
Mar 12, 2026 3:21:23 AM org.apache.catalina.core.StandardService stop
INFO: Stopping service Catalina
Mar 12, 2026 3:21:23 AM org.apache.coyote.http11.Http11Protocol destroy
INFO: Stopping Coyote HTTP/1.1 on http-8081
Mar 12, 2026 3:21:34 AM org.apache.catalina.core.AprLifecycleListener init
INFO: The Apache Tomcat Native library which allows optimal performance in production environments was not found on the java.library.path: /Users/lordzardeck/Library/Java/Extensions:/Library/Java/Extensions:/Network/Library/Java/Extensions:/System/Library/Java/Extensions:/usr/lib/java:.
Mar 12, 2026 3:21:34 AM org.apache.coyote.http11.Http11Protocol init
INFO: Initializing Coyote HTTP/1.1 on http-8081
Mar 12, 2026 3:21:34 AM org.apache.catalina.startup.Catalina load
INFO: Initialization processed in 135 ms
Mar 12, 2026 3:21:34 AM org.apache.catalina.core.StandardService start
INFO: Starting service Catalina
Mar 12, 2026 3:21:34 AM org.apache.catalina.core.StandardEngine start
INFO: Starting Servlet Engine: Apache Tomcat/6.0.14
Mar 12, 2026 3:21:34 AM org.apache.coyote.http11.Http11Protocol start
INFO: Starting Coyote HTTP/1.1 on http-8081
Mar 12, 2026 3:21:34 AM org.apache.jk.common.ChannelSocket init
INFO: JK: ajp13 listening on /0.0.0.0:8009
Mar 12, 2026 3:21:34 AM org.apache.jk.server.JkMain start
INFO: Jk running ID=0 time=0/6  config=null
Mar 12, 2026 3:21:34 AM org.apache.catalina.startup.Catalina start
INFO: Server startup in 243 ms
Mar 12, 2026 3:22:51 AM org.apache.coyote.http11.Http11Protocol pause
INFO: Pausing Coyote HTTP/1.1 on http-8081
Mar 12, 2026 3:22:52 AM org.apache.catalina.core.StandardService stop
INFO: Stopping service Catalina
Mar 12, 2026 3:22:52 AM org.apache.coyote.http11.Http11Protocol destroy
INFO: Stopping Coyote HTTP/1.1 on http-8081
Mar 12, 2026 3:35:01 AM org.apache.catalina.core.AprLifecycleListener init
INFO: The Apache Tomcat Native library which allows optimal performance in production environments was not found on the java.library.path: /Users/lordzardeck/Library/Java/Extensions:/Library/Java/Extensions:/Network/Library/Java/Extensions:/System/Library/Java/Extensions:/usr/lib/java:.
Mar 12, 2026 3:35:01 AM org.apache.coyote.http11.Http11Protocol init
INFO: Initializing Coyote HTTP/1.1 on http-8081
Mar 12, 2026 3:35:01 AM org.apache.catalina.startup.Catalina load
INFO: Initialization processed in 128 ms
Mar 12, 2026 3:35:01 AM org.apache.catalina.core.StandardService start
INFO: Starting service Catalina
Mar 12, 2026 3:35:01 AM org.apache.catalina.core.StandardEngine start
INFO: Starting Servlet Engine: Apache Tomcat/6.0.14
Mar 12, 2026 3:35:01 AM org.apache.coyote.http11.Http11Protocol start
INFO: Starting Coyote HTTP/1.1 on http-8081
Mar 12, 2026 3:35:01 AM org.apache.jk.common.ChannelSocket init
INFO: JK: ajp13 listening on /0.0.0.0:8009
Mar 12, 2026 3:35:01 AM org.apache.jk.server.JkMain start
INFO: Jk running ID=0 time=0/7  config=null
Mar 12, 2026 3:35:01 AM org.apache.catalina.startup.Catalina start
INFO: Server startup in 232 ms
Mar 12, 2026 4:18:37 AM org.apache.coyote.http11.Http11Protocol pause
INFO: Pausing Coyote HTTP/1.1 on http-8081
Mar 12, 2026 4:18:38 AM org.apache.catalina.core.StandardService stop
INFO: Stopping service Catalina
Mar 12, 2026 4:18:38 AM org.apache.coyote.http11.Http11Protocol destroy
INFO: Stopping Coyote HTTP/1.1 on http-8081
Mar 12, 2026 4:18:48 AM org.apache.catalina.core.AprLifecycleListener init
INFO: The Apache Tomcat Native library which allows optimal performance in production environments was not found on the java.library.path: /Users/lordzardeck/Library/Java/Extensions:/Library/Java/Extensions:/Network/Library/Java/Extensions:/System/Library/Java/Extensions:/usr/lib/java:.
Mar 12, 2026 4:18:48 AM org.apache.coyote.http11.Http11Protocol init
INFO: Initializing Coyote HTTP/1.1 on http-8081
Mar 12, 2026 4:18:48 AM org.apache.catalina.startup.Catalina load
INFO: Initialization processed in 126 ms
Mar 12, 2026 4:18:48 AM org.apache.catalina.core.StandardService start
INFO: Starting service Catalina
Mar 12, 2026 4:18:48 AM org.apache.catalina.core.StandardEngine start
INFO: Starting Servlet Engine: Apache Tomcat/6.0.14
Mar 12, 2026 4:18:48 AM org.apache.coyote.http11.Http11Protocol start
INFO: Starting Coyote HTTP/1.1 on http-8081
Mar 12, 2026 4:18:48 AM org.apache.jk.common.ChannelSocket init
INFO: JK: ajp13 listening on /0.0.0.0:8009
Mar 12, 2026 4:18:48 AM org.apache.jk.server.JkMain start
INFO: Jk running ID=0 time=1/8  config=null
Mar 12, 2026 4:18:48 AM org.apache.catalina.startup.Catalina start
INFO: Server startup in 238 ms
Mar 12, 2026 4:19:17 AM org.apache.coyote.http11.Http11Protocol pause
INFO: Pausing Coyote HTTP/1.1 on http-8081
Mar 12, 2026 4:19:18 AM org.apache.catalina.core.StandardService stop
INFO: Stopping service Catalina
Mar 12, 2026 4:19:18 AM org.apache.coyote.http11.Http11Protocol destroy
INFO: Stopping Coyote HTTP/1.1 on http-8081
Mar 12, 2026 4:19:45 AM org.apache.catalina.core.AprLifecycleListener init
INFO: The Apache Tomcat Native library which allows optimal performance in production environments was not found on the java.library.path: /Users/lordzardeck/Library/Java/Extensions:/Library/Java/Extensions:/Network/Library/Java/Extensions:/System/Library/Java/Extensions:/usr/lib/java:.
Mar 12, 2026 4:19:45 AM org.apache.coyote.http11.Http11Protocol init
INFO: Initializing Coyote HTTP/1.1 on http-8081
Mar 12, 2026 4:19:45 AM org.apache.catalina.startup.Catalina load
INFO: Initialization processed in 128 ms
Mar 12, 2026 4:19:46 AM org.apache.catalina.core.StandardService start
INFO: Starting service Catalina
Mar 12, 2026 4:19:46 AM org.apache.catalina.core.StandardEngine start
INFO: Starting Servlet Engine: Apache Tomcat/6.0.14
Mar 12, 2026 4:19:46 AM org.apache.coyote.http11.Http11Protocol start
INFO: Starting Coyote HTTP/1.1 on http-8081
Mar 12, 2026 4:19:46 AM org.apache.jk.common.ChannelSocket init
INFO: JK: ajp13 listening on /0.0.0.0:8009
Mar 12, 2026 4:19:46 AM org.apache.jk.server.JkMain start
INFO: Jk running ID=0 time=0/6  config=null
Mar 12, 2026 4:19:46 AM org.apache.catalina.startup.Catalina start
INFO: Server startup in 231 ms
Mar 12, 2026 5:04:06 AM org.apache.coyote.http11.Http11Protocol pause
INFO: Pausing Coyote HTTP/1.1 on http-8081
Mar 12, 2026 5:04:07 AM org.apache.catalina.core.StandardService stop
INFO: Stopping service Catalina
Mar 12, 2026 5:04:07 AM org.apache.coyote.http11.Http11Protocol destroy
INFO: Stopping Coyote HTTP/1.1 on http-8081
Mar 12, 2026 5:04:09 AM org.apache.catalina.core.AprLifecycleListener init
INFO: The Apache Tomcat Native library which allows optimal performance in production environments was not found on the java.library.path: /Users/lordzardeck/Library/Java/Extensions:/Library/Java/Extensions:/Network/Library/Java/Extensions:/System/Library/Java/Extensions:/usr/lib/java:.
Mar 12, 2026 5:04:09 AM org.apache.coyote.http11.Http11Protocol init
INFO: Initializing Coyote HTTP/1.1 on http-8081
Mar 12, 2026 5:04:09 AM org.apache.catalina.startup.Catalina load
INFO: Initialization processed in 125 ms
Mar 12, 2026 5:04:09 AM org.apache.catalina.core.StandardService start
INFO: Starting service Catalina
Mar 12, 2026 5:04:09 AM org.apache.catalina.core.StandardEngine start
INFO: Starting Servlet Engine: Apache Tomcat/6.0.14
Mar 12, 2026 5:04:09 AM org.apache.coyote.http11.Http11Protocol start
INFO: Starting Coyote HTTP/1.1 on http-8081
Mar 12, 2026 5:04:09 AM org.apache.jk.common.ChannelSocket init
INFO: JK: ajp13 listening on /0.0.0.0:8009
Mar 12, 2026 5:04:09 AM org.apache.jk.server.JkMain start
INFO: Jk running ID=0 time=0/6  config=null
Mar 12, 2026 5:04:09 AM org.apache.catalina.startup.Catalina start
INFO: Server startup in 315 ms
Mar 12, 2026 5:49:33 AM org.apache.coyote.http11.Http11Protocol pause
INFO: Pausing Coyote HTTP/1.1 on http-8081
Mar 12, 2026 5:49:34 AM org.apache.catalina.core.StandardService stop
INFO: Stopping service Catalina
Mar 12, 2026 5:49:35 AM org.apache.coyote.http11.Http11Protocol destroy
INFO: Stopping Coyote HTTP/1.1 on http-8081
Mar 12, 2026 5:54:30 AM org.apache.catalina.core.AprLifecycleListener init
INFO: The Apache Tomcat Native library which allows optimal performance in production environments was not found on the java.library.path: /Users/lordzardeck/Library/Java/Extensions:/Library/Java/Extensions:/Network/Library/Java/Extensions:/System/Library/Java/Extensions:/usr/lib/java:.
Mar 12, 2026 5:54:30 AM org.apache.coyote.http11.Http11Protocol init
INFO: Initializing Coyote HTTP/1.1 on http-8081
Mar 12, 2026 5:54:30 AM org.apache.catalina.startup.Catalina load
INFO: Initialization processed in 126 ms
Mar 12, 2026 5:54:30 AM org.apache.catalina.core.StandardService start
INFO: Starting service Catalina
Mar 12, 2026 5:54:30 AM org.apache.catalina.core.StandardEngine start
INFO: Starting Servlet Engine: Apache Tomcat/6.0.14
Mar 12, 2026 5:54:30 AM org.apache.coyote.http11.Http11Protocol start
INFO: Starting Coyote HTTP/1.1 on http-8081
Mar 12, 2026 5:54:30 AM org.apache.jk.common.ChannelSocket init
INFO: JK: ajp13 listening on /0.0.0.0:8009
Mar 12, 2026 5:54:30 AM org.apache.jk.server.JkMain start
INFO: Jk running ID=0 time=0/6  config=null
Mar 12, 2026 5:54:30 AM org.apache.catalina.startup.Catalina start
INFO: Server startup in 226 ms
Mar 12, 2026 6:20:35 AM org.apache.coyote.http11.Http11Protocol pause
INFO: Pausing Coyote HTTP/1.1 on http-8081
Mar 12, 2026 6:20:36 AM org.apache.catalina.core.StandardService stop
INFO: Stopping service Catalina
Mar 12, 2026 6:20:36 AM org.apache.coyote.http11.Http11Protocol destroy
INFO: Stopping Coyote HTTP/1.1 on http-8081
Mar 12, 2026 6:20:37 AM org.apache.catalina.core.AprLifecycleListener init
INFO: The Apache Tomcat Native library which allows optimal performance in production environments was not found on the java.library.path: /Users/lordzardeck/Library/Java/Extensions:/Library/Java/Extensions:/Network/Library/Java/Extensions:/System/Library/Java/Extensions:/usr/lib/java:.
Mar 12, 2026 6:20:37 AM org.apache.coyote.http11.Http11Protocol init
INFO: Initializing Coyote HTTP/1.1 on http-8081
Mar 12, 2026 6:20:37 AM org.apache.catalina.startup.Catalina load
INFO: Initialization processed in 121 ms
Mar 12, 2026 6:20:37 AM org.apache.catalina.core.StandardService start
INFO: Starting service Catalina
Mar 12, 2026 6:20:37 AM org.apache.catalina.core.StandardEngine start
INFO: Starting Servlet Engine: Apache Tomcat/6.0.14
Mar 12, 2026 6:20:37 AM org.apache.coyote.http11.Http11Protocol start
INFO: Starting Coyote HTTP/1.1 on http-8081
Mar 12, 2026 6:20:37 AM org.apache.jk.common.ChannelSocket init
INFO: JK: ajp13 listening on /0.0.0.0:8009
Mar 12, 2026 6:20:37 AM org.apache.jk.server.JkMain start
INFO: Jk running ID=0 time=0/8  config=null
Mar 12, 2026 6:20:37 AM org.apache.catalina.startup.Catalina start
INFO: Server startup in 218 ms
Mar 12, 2026 6:54:18 AM org.apache.coyote.http11.Http11Protocol pause
INFO: Pausing Coyote HTTP/1.1 on http-8081
Mar 12, 2026 6:54:19 AM org.apache.catalina.core.StandardService stop
INFO: Stopping service Catalina
Mar 12, 2026 6:54:19 AM org.apache.coyote.http11.Http11Protocol destroy
INFO: Stopping Coyote HTTP/1.1 on http-8081
Mar 12, 2026 7:02:19 PM org.apache.catalina.core.AprLifecycleListener init
INFO: The Apache Tomcat Native library which allows optimal performance in production environments was not found on the java.library.path: /Users/lordzardeck/Library/Java/Extensions:/Library/Java/Extensions:/Network/Library/Java/Extensions:/System/Library/Java/Extensions:/usr/lib/java:.
Mar 12, 2026 7:02:19 PM org.apache.coyote.http11.Http11Protocol init
INFO: Initializing Coyote HTTP/1.1 on http-8081
Mar 12, 2026 7:02:19 PM org.apache.catalina.startup.Catalina load
INFO: Initialization processed in 140 ms
Mar 12, 2026 7:02:19 PM org.apache.catalina.core.StandardService start
INFO: Starting service Catalina
Mar 12, 2026 7:02:19 PM org.apache.catalina.core.StandardEngine start
INFO: Starting Servlet Engine: Apache Tomcat/6.0.14
Mar 12, 2026 7:02:19 PM org.apache.coyote.http11.Http11Protocol start
INFO: Starting Coyote HTTP/1.1 on http-8081
Mar 12, 2026 7:02:19 PM org.apache.jk.common.ChannelSocket init
INFO: JK: ajp13 listening on /0.0.0.0:8009
Mar 12, 2026 7:02:19 PM org.apache.jk.server.JkMain start
INFO: Jk running ID=0 time=0/12  config=null
Mar 12, 2026 7:02:19 PM org.apache.catalina.startup.Catalina start
INFO: Server startup in 305 ms
